<?xml version="1.0" encoding="UTF-8"?>
<!-- Generated by org.testng.reporters.JUnitReportReporter -->
<testsuite hostname="LIN76001689" failures="0" tests="3" name="com.askomdch.Cart" time="13.069" errors="0" timestamp="2023-11-24T16:32:48 IST" skipped="0">
  <testcase classname="com.askomdch.Cart" name="addItemToCart" time="3.250"/>
  <system-out/>
  <testcase classname="com.askomdch.Cart" name="removeItemFromCart" time="6.594"/>
  <system-out/>
  <testcase classname="com.askomdch.Cart" name="verifyCart" time="3.225"/>
  <system-out/>
</testsuite> <!-- com.askomdch.Cart -->
